[0.011s] Invoking command in '/home/v120506/rmitbot_v3/lesson3_ws/build/rmitbot_description': CMAKE_PREFIX_PATH=${CMAKE_PREFIX_PATH}:/opt/ros/jazzy DEBUGINFOD_URLS=https://debuginfod.ubuntu.com /usr/bin/cmake /home/v120506/rmitbot_v3/lesson3_ws/src/rmitbot_description -DCMAKE_INSTALL_PREFIX=/home/v120506/rmitbot_v3/lesson3_ws/install/rmitbot_description
[0.144s] -- The C compiler identification is GNU 13.3.0
[0.268s] -- The CXX compiler identification is GNU 13.3.0
[0.291s] -- Detecting C compiler ABI info
[0.385s] -- Detecting C compiler ABI info - done
[0.402s] -- Check for working C compiler: /usr/bin/cc - skipped
[0.402s] -- Detecting C compile features
[0.403s] -- Detecting C compile features - done
[0.413s] -- Detecting CXX compiler ABI info
[0.537s] -- Detecting CXX compiler ABI info - done
[0.550s] -- Check for working CXX compiler: /usr/bin/c++ - skipped
[0.550s] -- Detecting CXX compile features
[0.551s] -- Detecting CXX compile features - done
[0.556s] -- Found ament_cmake: 2.5.4 (/opt/ros/jazzy/share/ament_cmake/cmake)
[0.739s] -- Found Python3: /usr/bin/python3 (found version "3.12.3") found components: Interpreter 
[0.996s] -- Configuring done (1.0s)
[1.001s] -- Generating done (0.0s)
[1.003s] -- Build files have been written to: /home/v120506/rmitbot_v3/lesson3_ws/build/rmitbot_description
[1.009s] Invoked command in '/home/v120506/rmitbot_v3/lesson3_ws/build/rmitbot_description' returned '0': CMAKE_PREFIX_PATH=${CMAKE_PREFIX_PATH}:/opt/ros/jazzy DEBUGINFOD_URLS=https://debuginfod.ubuntu.com /usr/bin/cmake /home/v120506/rmitbot_v3/lesson3_ws/src/rmitbot_description -DCMAKE_INSTALL_PREFIX=/home/v120506/rmitbot_v3/lesson3_ws/install/rmitbot_description
[1.012s] Invoking command in '/home/v120506/rmitbot_v3/lesson3_ws/build/rmitbot_description': CMAKE_PREFIX_PATH=${CMAKE_PREFIX_PATH}:/opt/ros/jazzy DEBUGINFOD_URLS=https://debuginfod.ubuntu.com /usr/bin/cmake --build /home/v120506/rmitbot_v3/lesson3_ws/build/rmitbot_description -- -j8 -l8
[1.054s] Invoked command in '/home/v120506/rmitbot_v3/lesson3_ws/build/rmitbot_description' returned '0': CMAKE_PREFIX_PATH=${CMAKE_PREFIX_PATH}:/opt/ros/jazzy DEBUGINFOD_URLS=https://debuginfod.ubuntu.com /usr/bin/cmake --build /home/v120506/rmitbot_v3/lesson3_ws/build/rmitbot_description -- -j8 -l8
[1.063s] Invoking command in '/home/v120506/rmitbot_v3/lesson3_ws/build/rmitbot_description': CMAKE_PREFIX_PATH=${CMAKE_PREFIX_PATH}:/opt/ros/jazzy DEBUGINFOD_URLS=https://debuginfod.ubuntu.com /usr/bin/cmake --install /home/v120506/rmitbot_v3/lesson3_ws/build/rmitbot_description
[1.072s] -- Install configuration: ""
[1.072s] -- Installing: /home/v120506/rmitbot_v3/lesson3_ws/install/rmitbot_description/share/rmitbot_description/meshes
[1.072s] -- Installing: /home/v120506/rmitbot_v3/lesson3_ws/install/rmitbot_description/share/rmitbot_description/meshes/base_link.STL
[1.082s] -- Installing: /home/v120506/rmitbot_v3/lesson3_ws/install/rmitbot_description/share/rmitbot_description/meshes/caster_front_link.STL
[1.083s] -- Installing: /home/v120506/rmitbot_v3/lesson3_ws/install/rmitbot_description/share/rmitbot_description/meshes/wheel_left_link.STL
[1.084s] -- Installing: /home/v120506/rmitbot_v3/lesson3_ws/install/rmitbot_description/share/rmitbot_description/meshes/wheel_right_link.STL
[1.085s] -- Installing: /home/v120506/rmitbot_v3/lesson3_ws/install/rmitbot_description/share/rmitbot_description/meshes/caster_rear_link.STL
[1.085s] -- Installing: /home/v120506/rmitbot_v3/lesson3_ws/install/rmitbot_description/share/rmitbot_description/meshes/imu_link.STL
[1.085s] -- Installing: /home/v120506/rmitbot_v3/lesson3_ws/install/rmitbot_description/share/rmitbot_description/urdf
[1.086s] -- Installing: /home/v120506/rmitbot_v3/lesson3_ws/install/rmitbot_description/share/rmitbot_description/urdf/rmitbot.urdf.xacro
[1.086s] -- Installing: /home/v120506/rmitbot_v3/lesson3_ws/install/rmitbot_description/share/rmitbot_description/urdf/rmitbot_gazebo.xacro
[1.086s] -- Installing: /home/v120506/rmitbot_v3/lesson3_ws/install/rmitbot_description/share/rmitbot_description/urdf/rmitbot_platform.xacro
[1.087s] -- Installing: /home/v120506/rmitbot_v3/lesson3_ws/install/rmitbot_description/share/rmitbot_description/urdf/rmitbot_ros2_control.xacro
[1.087s] -- Installing: /home/v120506/rmitbot_v3/lesson3_ws/install/rmitbot_description/share/rmitbot_description/launch
[1.088s] -- Installing: /home/v120506/rmitbot_v3/lesson3_ws/install/rmitbot_description/share/rmitbot_description/launch/gazebo.launch.py
[1.088s] -- Installing: /home/v120506/rmitbot_v3/lesson3_ws/install/rmitbot_description/share/rmitbot_description/launch/display.launch.py
[1.088s] -- Installing: /home/v120506/rmitbot_v3/lesson3_ws/install/rmitbot_description/share/rmitbot_description/rviz
[1.088s] -- Installing: /home/v120506/rmitbot_v3/lesson3_ws/install/rmitbot_description/share/rmitbot_description/rviz/display.rviz
[1.088s] -- Installing: /home/v120506/rmitbot_v3/lesson3_ws/install/rmitbot_description/share/ament_index/resource_index/package_run_dependencies/rmitbot_description
[1.088s] -- Installing: /home/v120506/rmitbot_v3/lesson3_ws/install/rmitbot_description/share/ament_index/resource_index/parent_prefix_path/rmitbot_description
[1.088s] -- Installing: /home/v120506/rmitbot_v3/lesson3_ws/install/rmitbot_description/share/rmitbot_description/environment/ament_prefix_path.sh
[1.088s] -- Installing: /home/v120506/rmitbot_v3/lesson3_ws/install/rmitbot_description/share/rmitbot_description/environment/ament_prefix_path.dsv
[1.088s] -- Installing: /home/v120506/rmitbot_v3/lesson3_ws/install/rmitbot_description/share/rmitbot_description/environment/path.sh
[1.088s] -- Installing: /home/v120506/rmitbot_v3/lesson3_ws/install/rmitbot_description/share/rmitbot_description/environment/path.dsv
[1.088s] -- Installing: /home/v120506/rmitbot_v3/lesson3_ws/install/rmitbot_description/share/rmitbot_description/local_setup.bash
[1.088s] -- Installing: /home/v120506/rmitbot_v3/lesson3_ws/install/rmitbot_description/share/rmitbot_description/local_setup.sh
[1.089s] -- Installing: /home/v120506/rmitbot_v3/lesson3_ws/install/rmitbot_description/share/rmitbot_description/local_setup.zsh
[1.089s] -- Installing: /home/v120506/rmitbot_v3/lesson3_ws/install/rmitbot_description/share/rmitbot_description/local_setup.dsv
[1.089s] -- Installing: /home/v120506/rmitbot_v3/lesson3_ws/install/rmitbot_description/share/rmitbot_description/package.dsv
[1.089s] -- Installing: /home/v120506/rmitbot_v3/lesson3_ws/install/rmitbot_description/share/ament_index/resource_index/packages/rmitbot_description
[1.089s] -- Installing: /home/v120506/rmitbot_v3/lesson3_ws/install/rmitbot_description/share/rmitbot_description/cmake/rmitbot_descriptionConfig.cmake
[1.089s] -- Installing: /home/v120506/rmitbot_v3/lesson3_ws/install/rmitbot_description/share/rmitbot_description/cmake/rmitbot_descriptionConfig-version.cmake
[1.089s] -- Installing: /home/v120506/rmitbot_v3/lesson3_ws/install/rmitbot_description/share/rmitbot_description/package.xml
[1.107s] Invoked command in '/home/v120506/rmitbot_v3/lesson3_ws/build/rmitbot_description' returned '0': CMAKE_PREFIX_PATH=${CMAKE_PREFIX_PATH}:/opt/ros/jazzy DEBUGINFOD_URLS=https://debuginfod.ubuntu.com /usr/bin/cmake --install /home/v120506/rmitbot_v3/lesson3_ws/build/rmitbot_description
