[0.011s] Invoking command in '/home/v120506/rmitbot_v4/lesson3_ws/build/rmitbot_controller': CMAKE_PREFIX_PATH=${CMAKE_PREFIX_PATH}:/opt/ros/jazzy DEBUGINFOD_URLS=https://debuginfod.ubuntu.com /usr/bin/cmake /home/v120506/rmitbot_v4/lesson3_ws/src/rmitbot_controller -DCMAKE_INSTALL_PREFIX=/home/v120506/rmitbot_v4/lesson3_ws/install/rmitbot_controller
[0.068s] -- The C compiler identification is GNU 13.3.0
[0.132s] -- The CXX compiler identification is GNU 13.3.0
[0.148s] -- Detecting C compiler ABI info
[0.237s] -- Detecting C compiler ABI info - done
[0.255s] -- Check for working C compiler: /usr/bin/cc - skipped
[0.255s] -- Detecting C compile features
[0.256s] -- Detecting C compile features - done
[0.268s] -- Detecting CXX compiler ABI info
[0.368s] -- Detecting CXX compiler ABI info - done
[0.378s] -- Check for working CXX compiler: /usr/bin/c++ - skipped
[0.378s] -- Detecting CXX compile features
[0.379s] -- Detecting CXX compile features - done
[0.383s] -- Found ament_cmake: 2.5.4 (/opt/ros/jazzy/share/ament_cmake/cmake)
[0.554s] -- Found Python3: /usr/bin/python3 (found version "3.12.3") found components: Interpreter 
[0.781s] -- Configuring done (0.8s)
[0.783s] -- Generating done (0.0s)
[0.785s] -- Build files have been written to: /home/v120506/rmitbot_v4/lesson3_ws/build/rmitbot_controller
[0.791s] Invoked command in '/home/v120506/rmitbot_v4/lesson3_ws/build/rmitbot_controller' returned '0': CMAKE_PREFIX_PATH=${CMAKE_PREFIX_PATH}:/opt/ros/jazzy DEBUGINFOD_URLS=https://debuginfod.ubuntu.com /usr/bin/cmake /home/v120506/rmitbot_v4/lesson3_ws/src/rmitbot_controller -DCMAKE_INSTALL_PREFIX=/home/v120506/rmitbot_v4/lesson3_ws/install/rmitbot_controller
[0.792s] Invoking command in '/home/v120506/rmitbot_v4/lesson3_ws/build/rmitbot_controller': CMAKE_PREFIX_PATH=${CMAKE_PREFIX_PATH}:/opt/ros/jazzy DEBUGINFOD_URLS=https://debuginfod.ubuntu.com /usr/bin/cmake --build /home/v120506/rmitbot_v4/lesson3_ws/build/rmitbot_controller -- -j8 -l8
[0.833s] Invoked command in '/home/v120506/rmitbot_v4/lesson3_ws/build/rmitbot_controller' returned '0': CMAKE_PREFIX_PATH=${CMAKE_PREFIX_PATH}:/opt/ros/jazzy DEBUGINFOD_URLS=https://debuginfod.ubuntu.com /usr/bin/cmake --build /home/v120506/rmitbot_v4/lesson3_ws/build/rmitbot_controller -- -j8 -l8
[0.842s] Invoking command in '/home/v120506/rmitbot_v4/lesson3_ws/build/rmitbot_controller': CMAKE_PREFIX_PATH=${CMAKE_PREFIX_PATH}:/opt/ros/jazzy DEBUGINFOD_URLS=https://debuginfod.ubuntu.com /usr/bin/cmake --install /home/v120506/rmitbot_v4/lesson3_ws/build/rmitbot_controller
[0.851s] -- Install configuration: ""
[0.851s] -- Installing: /home/v120506/rmitbot_v4/lesson3_ws/install/rmitbot_controller/share/rmitbot_controller/launch
[0.851s] -- Installing: /home/v120506/rmitbot_v4/lesson3_ws/install/rmitbot_controller/share/rmitbot_controller/launch/controller.launch.py
[0.851s] -- Installing: /home/v120506/rmitbot_v4/lesson3_ws/install/rmitbot_controller/share/rmitbot_controller/launch/teleopkeyboard.launch.py
[0.851s] -- Installing: /home/v120506/rmitbot_v4/lesson3_ws/install/rmitbot_controller/share/rmitbot_controller/config
[0.852s] -- Installing: /home/v120506/rmitbot_v4/lesson3_ws/install/rmitbot_controller/share/rmitbot_controller/config/rmitbot_controller.yaml
[0.852s] -- Installing: /home/v120506/rmitbot_v4/lesson3_ws/install/rmitbot_controller/share/ament_index/resource_index/package_run_dependencies/rmitbot_controller
[0.852s] -- Installing: /home/v120506/rmitbot_v4/lesson3_ws/install/rmitbot_controller/share/ament_index/resource_index/parent_prefix_path/rmitbot_controller
[0.852s] -- Installing: /home/v120506/rmitbot_v4/lesson3_ws/install/rmitbot_controller/share/rmitbot_controller/environment/ament_prefix_path.sh
[0.853s] -- Installing: /home/v120506/rmitbot_v4/lesson3_ws/install/rmitbot_controller/share/rmitbot_controller/environment/ament_prefix_path.dsv
[0.853s] -- Installing: /home/v120506/rmitbot_v4/lesson3_ws/install/rmitbot_controller/share/rmitbot_controller/environment/path.sh
[0.853s] -- Installing: /home/v120506/rmitbot_v4/lesson3_ws/install/rmitbot_controller/share/rmitbot_controller/environment/path.dsv
[0.853s] -- Installing: /home/v120506/rmitbot_v4/lesson3_ws/install/rmitbot_controller/share/rmitbot_controller/local_setup.bash
[0.853s] -- Installing: /home/v120506/rmitbot_v4/lesson3_ws/install/rmitbot_controller/share/rmitbot_controller/local_setup.sh
[0.854s] -- Installing: /home/v120506/rmitbot_v4/lesson3_ws/install/rmitbot_controller/share/rmitbot_controller/local_setup.zsh
[0.854s] -- Installing: /home/v120506/rmitbot_v4/lesson3_ws/install/rmitbot_controller/share/rmitbot_controller/local_setup.dsv
[0.854s] -- Installing: /home/v120506/rmitbot_v4/lesson3_ws/install/rmitbot_controller/share/rmitbot_controller/package.dsv
[0.854s] -- Installing: /home/v120506/rmitbot_v4/lesson3_ws/install/rmitbot_controller/share/ament_index/resource_index/packages/rmitbot_controller
[0.855s] -- Installing: /home/v120506/rmitbot_v4/lesson3_ws/install/rmitbot_controller/share/rmitbot_controller/cmake/rmitbot_controllerConfig.cmake
[0.855s] -- Installing: /home/v120506/rmitbot_v4/lesson3_ws/install/rmitbot_controller/share/rmitbot_controller/cmake/rmitbot_controllerConfig-version.cmake
[0.855s] -- Installing: /home/v120506/rmitbot_v4/lesson3_ws/install/rmitbot_controller/share/rmitbot_controller/package.xml
[0.857s] Invoked command in '/home/v120506/rmitbot_v4/lesson3_ws/build/rmitbot_controller' returned '0': CMAKE_PREFIX_PATH=${CMAKE_PREFIX_PATH}:/opt/ros/jazzy DEBUGINFOD_URLS=https://debuginfod.ubuntu.com /usr/bin/cmake --install /home/v120506/rmitbot_v4/lesson3_ws/build/rmitbot_controller
