[0.012s] Invoking command in '/home/v120506/rmitbot_v3/lesson3_ws/build/rmitbot_localization': CMAKE_PREFIX_PATH=${CMAKE_PREFIX_PATH}:/opt/ros/jazzy DEBUGINFOD_URLS=https://debuginfod.ubuntu.com /usr/bin/cmake /home/v120506/rmitbot_v3/lesson3_ws/src/rmitbot_localization -DCMAKE_INSTALL_PREFIX=/home/v120506/rmitbot_v3/lesson3_ws/install/rmitbot_localization
[0.148s] -- The C compiler identification is GNU 13.3.0
[0.265s] -- The CXX compiler identification is GNU 13.3.0
[0.288s] -- Detecting C compiler ABI info
[0.388s] -- Detecting C compiler ABI info - done
[0.404s] -- Check for working C compiler: /usr/bin/cc - skipped
[0.405s] -- Detecting C compile features
[0.405s] -- Detecting C compile features - done
[0.414s] -- Detecting CXX compiler ABI info
[0.525s] -- Detecting CXX compiler ABI info - done
[0.538s] -- Check for working CXX compiler: /usr/bin/c++ - skipped
[0.538s] -- Detecting CXX compile features
[0.539s] -- Detecting CXX compile features - done
[0.550s] -- Found ament_cmake: 2.5.4 (/opt/ros/jazzy/share/ament_cmake/cmake)
[0.737s] -- Found Python3: /usr/bin/python3 (found version "3.12.3") found components: Interpreter 
[0.888s] -- Found nav_msgs: 5.3.6 (/opt/ros/jazzy/share/nav_msgs/cmake)
[0.967s] -- Found rosidl_generator_c: 4.6.5 (/opt/ros/jazzy/share/rosidl_generator_c/cmake)
[0.998s] -- Found rosidl_generator_cpp: 4.6.5 (/opt/ros/jazzy/share/rosidl_generator_cpp/cmake)
[1.037s] -- Using all available rosidl_typesupport_c: rosidl_typesupport_fastrtps_c;rosidl_typesupport_introspection_c
[1.071s] -- Using all available rosidl_typesupport_cpp: rosidl_typesupport_fastrtps_cpp;rosidl_typesupport_introspection_cpp
[1.188s] -- Found sensor_msgs: 5.3.6 (/opt/ros/jazzy/share/sensor_msgs/cmake)
[1.288s] -- Configuring done (1.3s)
[1.290s] -- Generating done (0.0s)
[1.292s] -- Build files have been written to: /home/v120506/rmitbot_v3/lesson3_ws/build/rmitbot_localization
[1.298s] Invoked command in '/home/v120506/rmitbot_v3/lesson3_ws/build/rmitbot_localization' returned '0': CMAKE_PREFIX_PATH=${CMAKE_PREFIX_PATH}:/opt/ros/jazzy DEBUGINFOD_URLS=https://debuginfod.ubuntu.com /usr/bin/cmake /home/v120506/rmitbot_v3/lesson3_ws/src/rmitbot_localization -DCMAKE_INSTALL_PREFIX=/home/v120506/rmitbot_v3/lesson3_ws/install/rmitbot_localization
[1.298s] Invoking command in '/home/v120506/rmitbot_v3/lesson3_ws/build/rmitbot_localization': CMAKE_PREFIX_PATH=${CMAKE_PREFIX_PATH}:/opt/ros/jazzy DEBUGINFOD_URLS=https://debuginfod.ubuntu.com /usr/bin/cmake --build /home/v120506/rmitbot_v3/lesson3_ws/build/rmitbot_localization -- -j8 -l8
[1.331s] Invoked command in '/home/v120506/rmitbot_v3/lesson3_ws/build/rmitbot_localization' returned '0': CMAKE_PREFIX_PATH=${CMAKE_PREFIX_PATH}:/opt/ros/jazzy DEBUGINFOD_URLS=https://debuginfod.ubuntu.com /usr/bin/cmake --build /home/v120506/rmitbot_v3/lesson3_ws/build/rmitbot_localization -- -j8 -l8
[1.331s] Invoking command in '/home/v120506/rmitbot_v3/lesson3_ws/build/rmitbot_localization': CMAKE_PREFIX_PATH=${CMAKE_PREFIX_PATH}:/opt/ros/jazzy DEBUGINFOD_URLS=https://debuginfod.ubuntu.com /usr/bin/cmake --install /home/v120506/rmitbot_v3/lesson3_ws/build/rmitbot_localization
[1.338s] -- Install configuration: ""
[1.338s] -- Installing: /home/v120506/rmitbot_v3/lesson3_ws/install/rmitbot_localization/share/rmitbot_localization/launch
[1.338s] -- Installing: /home/v120506/rmitbot_v3/lesson3_ws/install/rmitbot_localization/share/rmitbot_localization/launch/localization.launch.py
[1.338s] -- Installing: /home/v120506/rmitbot_v3/lesson3_ws/install/rmitbot_localization/share/rmitbot_localization/config
[1.338s] -- Installing: /home/v120506/rmitbot_v3/lesson3_ws/install/rmitbot_localization/share/rmitbot_localization/config/ekf.yaml
[1.338s] -- Installing: /home/v120506/rmitbot_v3/lesson3_ws/install/rmitbot_localization/share/ament_index/resource_index/package_run_dependencies/rmitbot_localization
[1.338s] -- Installing: /home/v120506/rmitbot_v3/lesson3_ws/install/rmitbot_localization/share/ament_index/resource_index/parent_prefix_path/rmitbot_localization
[1.338s] -- Installing: /home/v120506/rmitbot_v3/lesson3_ws/install/rmitbot_localization/share/rmitbot_localization/environment/ament_prefix_path.sh
[1.338s] -- Installing: /home/v120506/rmitbot_v3/lesson3_ws/install/rmitbot_localization/share/rmitbot_localization/environment/ament_prefix_path.dsv
[1.338s] -- Installing: /home/v120506/rmitbot_v3/lesson3_ws/install/rmitbot_localization/share/rmitbot_localization/environment/path.sh
[1.338s] -- Installing: /home/v120506/rmitbot_v3/lesson3_ws/install/rmitbot_localization/share/rmitbot_localization/environment/path.dsv
[1.338s] -- Installing: /home/v120506/rmitbot_v3/lesson3_ws/install/rmitbot_localization/share/rmitbot_localization/local_setup.bash
[1.339s] -- Installing: /home/v120506/rmitbot_v3/lesson3_ws/install/rmitbot_localization/share/rmitbot_localization/local_setup.sh
[1.339s] -- Installing: /home/v120506/rmitbot_v3/lesson3_ws/install/rmitbot_localization/share/rmitbot_localization/local_setup.zsh
[1.339s] -- Installing: /home/v120506/rmitbot_v3/lesson3_ws/install/rmitbot_localization/share/rmitbot_localization/local_setup.dsv
[1.339s] -- Installing: /home/v120506/rmitbot_v3/lesson3_ws/install/rmitbot_localization/share/rmitbot_localization/package.dsv
[1.339s] -- Installing: /home/v120506/rmitbot_v3/lesson3_ws/install/rmitbot_localization/share/ament_index/resource_index/packages/rmitbot_localization
[1.339s] -- Installing: /home/v120506/rmitbot_v3/lesson3_ws/install/rmitbot_localization/share/rmitbot_localization/cmake/rmitbot_localizationConfig.cmake
[1.339s] -- Installing: /home/v120506/rmitbot_v3/lesson3_ws/install/rmitbot_localization/share/rmitbot_localization/cmake/rmitbot_localizationConfig-version.cmake
[1.339s] -- Installing: /home/v120506/rmitbot_v3/lesson3_ws/install/rmitbot_localization/share/rmitbot_localization/package.xml
[1.341s] Invoked command in '/home/v120506/rmitbot_v3/lesson3_ws/build/rmitbot_localization' returned '0': CMAKE_PREFIX_PATH=${CMAKE_PREFIX_PATH}:/opt/ros/jazzy DEBUGINFOD_URLS=https://debuginfod.ubuntu.com /usr/bin/cmake --install /home/v120506/rmitbot_v3/lesson3_ws/build/rmitbot_localization
