[0.010s] Invoking command in '/home/v120506/rmitbot_v4/lesson3_ws/build/rmitbot_description': CMAKE_PREFIX_PATH=${CMAKE_PREFIX_PATH}:/opt/ros/jazzy DEBUGINFOD_URLS=https://debuginfod.ubuntu.com /usr/bin/cmake /home/v120506/rmitbot_v4/lesson3_ws/src/rmitbot_description -DCMAKE_INSTALL_PREFIX=/home/v120506/rmitbot_v4/lesson3_ws/install/rmitbot_description
[0.068s] -- The C compiler identification is GNU 13.3.0
[0.131s] -- The CXX compiler identification is GNU 13.3.0
[0.148s] -- Detecting C compiler ABI info
[0.234s] -- Detecting C compiler ABI info - done
[0.244s] -- Check for working C compiler: /usr/bin/cc - skipped
[0.245s] -- Detecting C compile features
[0.245s] -- Detecting C compile features - done
[0.254s] -- Detecting CXX compiler ABI info
[0.354s] -- Detecting CXX compiler ABI info - done
[0.365s] -- Check for working CXX compiler: /usr/bin/c++ - skipped
[0.365s] -- Detecting CXX compile features
[0.365s] -- Detecting CXX compile features - done
[0.369s] -- Found ament_cmake: 2.5.4 (/opt/ros/jazzy/share/ament_cmake/cmake)
[0.532s] -- Found Python3: /usr/bin/python3 (found version "3.12.3") found components: Interpreter 
[0.783s] -- Configuring done (0.8s)
[0.785s] -- Generating done (0.0s)
[0.787s] -- Build files have been written to: /home/v120506/rmitbot_v4/lesson3_ws/build/rmitbot_description
[0.792s] Invoked command in '/home/v120506/rmitbot_v4/lesson3_ws/build/rmitbot_description' returned '0': CMAKE_PREFIX_PATH=${CMAKE_PREFIX_PATH}:/opt/ros/jazzy DEBUGINFOD_URLS=https://debuginfod.ubuntu.com /usr/bin/cmake /home/v120506/rmitbot_v4/lesson3_ws/src/rmitbot_description -DCMAKE_INSTALL_PREFIX=/home/v120506/rmitbot_v4/lesson3_ws/install/rmitbot_description
[0.793s] Invoking command in '/home/v120506/rmitbot_v4/lesson3_ws/build/rmitbot_description': CMAKE_PREFIX_PATH=${CMAKE_PREFIX_PATH}:/opt/ros/jazzy DEBUGINFOD_URLS=https://debuginfod.ubuntu.com /usr/bin/cmake --build /home/v120506/rmitbot_v4/lesson3_ws/build/rmitbot_description -- -j8 -l8
[0.840s] Invoked command in '/home/v120506/rmitbot_v4/lesson3_ws/build/rmitbot_description' returned '0': CMAKE_PREFIX_PATH=${CMAKE_PREFIX_PATH}:/opt/ros/jazzy DEBUGINFOD_URLS=https://debuginfod.ubuntu.com /usr/bin/cmake --build /home/v120506/rmitbot_v4/lesson3_ws/build/rmitbot_description -- -j8 -l8
[0.841s] Invoking command in '/home/v120506/rmitbot_v4/lesson3_ws/build/rmitbot_description': CMAKE_PREFIX_PATH=${CMAKE_PREFIX_PATH}:/opt/ros/jazzy DEBUGINFOD_URLS=https://debuginfod.ubuntu.com /usr/bin/cmake --install /home/v120506/rmitbot_v4/lesson3_ws/build/rmitbot_description
[0.849s] -- Install configuration: ""
[0.849s] -- Installing: /home/v120506/rmitbot_v4/lesson3_ws/install/rmitbot_description/share/rmitbot_description/meshes
[0.850s] -- Installing: /home/v120506/rmitbot_v4/lesson3_ws/install/rmitbot_description/share/rmitbot_description/meshes/base_link.STL
[0.859s] -- Installing: /home/v120506/rmitbot_v4/lesson3_ws/install/rmitbot_description/share/rmitbot_description/meshes/caster_front_link.STL
[0.860s] -- Installing: /home/v120506/rmitbot_v4/lesson3_ws/install/rmitbot_description/share/rmitbot_description/meshes/wheel_left_link.STL
[0.860s] -- Installing: /home/v120506/rmitbot_v4/lesson3_ws/install/rmitbot_description/share/rmitbot_description/meshes/wheel_right_link.STL
[0.861s] -- Installing: /home/v120506/rmitbot_v4/lesson3_ws/install/rmitbot_description/share/rmitbot_description/meshes/caster_rear_link.STL
[0.861s] -- Installing: /home/v120506/rmitbot_v4/lesson3_ws/install/rmitbot_description/share/rmitbot_description/meshes/imu_link.STL
[0.862s] -- Installing: /home/v120506/rmitbot_v4/lesson3_ws/install/rmitbot_description/share/rmitbot_description/urdf
[0.862s] -- Installing: /home/v120506/rmitbot_v4/lesson3_ws/install/rmitbot_description/share/rmitbot_description/urdf/rmitbot.urdf.xacro
[0.862s] -- Installing: /home/v120506/rmitbot_v4/lesson3_ws/install/rmitbot_description/share/rmitbot_description/urdf/rmitbot_imu.xacro
[0.862s] -- Installing: /home/v120506/rmitbot_v4/lesson3_ws/install/rmitbot_description/share/rmitbot_description/urdf/rmitbot_gazebo.xacro
[0.862s] -- Installing: /home/v120506/rmitbot_v4/lesson3_ws/install/rmitbot_description/share/rmitbot_description/urdf/rmitbot_platform.xacro
[0.862s] -- Installing: /home/v120506/rmitbot_v4/lesson3_ws/install/rmitbot_description/share/rmitbot_description/urdf/rmitbot_ros2_control.xacro
[0.862s] -- Installing: /home/v120506/rmitbot_v4/lesson3_ws/install/rmitbot_description/share/rmitbot_description/launch
[0.862s] -- Installing: /home/v120506/rmitbot_v4/lesson3_ws/install/rmitbot_description/share/rmitbot_description/launch/gazebo.launch.py
[0.862s] -- Installing: /home/v120506/rmitbot_v4/lesson3_ws/install/rmitbot_description/share/rmitbot_description/launch/display.launch.py
[0.862s] -- Installing: /home/v120506/rmitbot_v4/lesson3_ws/install/rmitbot_description/share/rmitbot_description/rviz
[0.863s] -- Installing: /home/v120506/rmitbot_v4/lesson3_ws/install/rmitbot_description/share/rmitbot_description/rviz/display.rviz
[0.863s] -- Installing: /home/v120506/rmitbot_v4/lesson3_ws/install/rmitbot_description/share/ament_index/resource_index/package_run_dependencies/rmitbot_description
[0.863s] -- Installing: /home/v120506/rmitbot_v4/lesson3_ws/install/rmitbot_description/share/ament_index/resource_index/parent_prefix_path/rmitbot_description
[0.863s] -- Installing: /home/v120506/rmitbot_v4/lesson3_ws/install/rmitbot_description/share/rmitbot_description/environment/ament_prefix_path.sh
[0.863s] -- Installing: /home/v120506/rmitbot_v4/lesson3_ws/install/rmitbot_description/share/rmitbot_description/environment/ament_prefix_path.dsv
[0.863s] -- Installing: /home/v120506/rmitbot_v4/lesson3_ws/install/rmitbot_description/share/rmitbot_description/environment/path.sh
[0.863s] -- Installing: /home/v120506/rmitbot_v4/lesson3_ws/install/rmitbot_description/share/rmitbot_description/environment/path.dsv
[0.863s] -- Installing: /home/v120506/rmitbot_v4/lesson3_ws/install/rmitbot_description/share/rmitbot_description/local_setup.bash
[0.863s] -- Installing: /home/v120506/rmitbot_v4/lesson3_ws/install/rmitbot_description/share/rmitbot_description/local_setup.sh
[0.864s] -- Installing: /home/v120506/rmitbot_v4/lesson3_ws/install/rmitbot_description/share/rmitbot_description/local_setup.zsh
[0.864s] -- Installing: /home/v120506/rmitbot_v4/lesson3_ws/install/rmitbot_description/share/rmitbot_description/local_setup.dsv
[0.864s] -- Installing: /home/v120506/rmitbot_v4/lesson3_ws/install/rmitbot_description/share/rmitbot_description/package.dsv
[0.864s] -- Installing: /home/v120506/rmitbot_v4/lesson3_ws/install/rmitbot_description/share/ament_index/resource_index/packages/rmitbot_description
[0.864s] -- Installing: /home/v120506/rmitbot_v4/lesson3_ws/install/rmitbot_description/share/rmitbot_description/cmake/rmitbot_descriptionConfig.cmake
[0.864s] -- Installing: /home/v120506/rmitbot_v4/lesson3_ws/install/rmitbot_description/share/rmitbot_description/cmake/rmitbot_descriptionConfig-version.cmake
[0.864s] -- Installing: /home/v120506/rmitbot_v4/lesson3_ws/install/rmitbot_description/share/rmitbot_description/package.xml
[0.879s] Invoked command in '/home/v120506/rmitbot_v4/lesson3_ws/build/rmitbot_description' returned '0': CMAKE_PREFIX_PATH=${CMAKE_PREFIX_PATH}:/opt/ros/jazzy DEBUGINFOD_URLS=https://debuginfod.ubuntu.com /usr/bin/cmake --install /home/v120506/rmitbot_v4/lesson3_ws/build/rmitbot_description
