[0.016s] Invoking command in '/home/v120506/rmitbot_v3/lesson3_ws/build/rmitbot_bringup': CMAKE_PREFIX_PATH=${CMAKE_PREFIX_PATH}:/opt/ros/jazzy DEBUGINFOD_URLS=https://debuginfod.ubuntu.com /usr/bin/cmake /home/v120506/rmitbot_v3/lesson3_ws/src/rmitbot_bringup -DCMAKE_INSTALL_PREFIX=/home/v120506/rmitbot_v3/lesson3_ws/install/rmitbot_bringup
[0.158s] -- The C compiler identification is GNU 13.3.0
[0.276s] -- The CXX compiler identification is GNU 13.3.0
[0.298s] -- Detecting C compiler ABI info
[0.392s] -- Detecting C compiler ABI info - done
[0.404s] -- Check for working C compiler: /usr/bin/cc - skipped
[0.405s] -- Detecting C compile features
[0.405s] -- Detecting C compile features - done
[0.417s] -- Detecting CXX compiler ABI info
[0.531s] -- Detecting CXX compiler ABI info - done
[0.549s] -- Check for working CXX compiler: /usr/bin/c++ - skipped
[0.549s] -- Detecting CXX compile features
[0.550s] -- Detecting CXX compile features - done
[0.561s] -- Found ament_cmake: 2.5.4 (/opt/ros/jazzy/share/ament_cmake/cmake)
[0.749s] -- Found Python3: /usr/bin/python3 (found version "3.12.3") found components: Interpreter 
[1.012s] -- Configuring done (1.0s)
[1.015s] -- Generating done (0.0s)
[1.016s] -- Build files have been written to: /home/v120506/rmitbot_v3/lesson3_ws/build/rmitbot_bringup
[1.022s] Invoked command in '/home/v120506/rmitbot_v3/lesson3_ws/build/rmitbot_bringup' returned '0': CMAKE_PREFIX_PATH=${CMAKE_PREFIX_PATH}:/opt/ros/jazzy DEBUGINFOD_URLS=https://debuginfod.ubuntu.com /usr/bin/cmake /home/v120506/rmitbot_v3/lesson3_ws/src/rmitbot_bringup -DCMAKE_INSTALL_PREFIX=/home/v120506/rmitbot_v3/lesson3_ws/install/rmitbot_bringup
[1.023s] Invoking command in '/home/v120506/rmitbot_v3/lesson3_ws/build/rmitbot_bringup': CMAKE_PREFIX_PATH=${CMAKE_PREFIX_PATH}:/opt/ros/jazzy DEBUGINFOD_URLS=https://debuginfod.ubuntu.com /usr/bin/cmake --build /home/v120506/rmitbot_v3/lesson3_ws/build/rmitbot_bringup -- -j8 -l8
[1.072s] Invoked command in '/home/v120506/rmitbot_v3/lesson3_ws/build/rmitbot_bringup' returned '0': CMAKE_PREFIX_PATH=${CMAKE_PREFIX_PATH}:/opt/ros/jazzy DEBUGINFOD_URLS=https://debuginfod.ubuntu.com /usr/bin/cmake --build /home/v120506/rmitbot_v3/lesson3_ws/build/rmitbot_bringup -- -j8 -l8
[1.073s] Invoking command in '/home/v120506/rmitbot_v3/lesson3_ws/build/rmitbot_bringup': CMAKE_PREFIX_PATH=${CMAKE_PREFIX_PATH}:/opt/ros/jazzy DEBUGINFOD_URLS=https://debuginfod.ubuntu.com /usr/bin/cmake --install /home/v120506/rmitbot_v3/lesson3_ws/build/rmitbot_bringup
[1.081s] -- Install configuration: ""
[1.082s] -- Installing: /home/v120506/rmitbot_v3/lesson3_ws/install/rmitbot_bringup/share/rmitbot_bringup/launch
[1.082s] -- Installing: /home/v120506/rmitbot_v3/lesson3_ws/install/rmitbot_bringup/share/rmitbot_bringup/launch/rmitbot.launch.py
[1.082s] -- Installing: /home/v120506/rmitbot_v3/lesson3_ws/install/rmitbot_bringup/share/ament_index/resource_index/package_run_dependencies/rmitbot_bringup
[1.082s] -- Installing: /home/v120506/rmitbot_v3/lesson3_ws/install/rmitbot_bringup/share/ament_index/resource_index/parent_prefix_path/rmitbot_bringup
[1.082s] -- Installing: /home/v120506/rmitbot_v3/lesson3_ws/install/rmitbot_bringup/share/rmitbot_bringup/environment/ament_prefix_path.sh
[1.082s] -- Installing: /home/v120506/rmitbot_v3/lesson3_ws/install/rmitbot_bringup/share/rmitbot_bringup/environment/ament_prefix_path.dsv
[1.083s] -- Installing: /home/v120506/rmitbot_v3/lesson3_ws/install/rmitbot_bringup/share/rmitbot_bringup/environment/path.sh
[1.083s] -- Installing: /home/v120506/rmitbot_v3/lesson3_ws/install/rmitbot_bringup/share/rmitbot_bringup/environment/path.dsv
[1.083s] -- Installing: /home/v120506/rmitbot_v3/lesson3_ws/install/rmitbot_bringup/share/rmitbot_bringup/local_setup.bash
[1.083s] -- Installing: /home/v120506/rmitbot_v3/lesson3_ws/install/rmitbot_bringup/share/rmitbot_bringup/local_setup.sh
[1.083s] -- Installing: /home/v120506/rmitbot_v3/lesson3_ws/install/rmitbot_bringup/share/rmitbot_bringup/local_setup.zsh
[1.084s] -- Installing: /home/v120506/rmitbot_v3/lesson3_ws/install/rmitbot_bringup/share/rmitbot_bringup/local_setup.dsv
[1.084s] -- Installing: /home/v120506/rmitbot_v3/lesson3_ws/install/rmitbot_bringup/share/rmitbot_bringup/package.dsv
[1.084s] -- Installing: /home/v120506/rmitbot_v3/lesson3_ws/install/rmitbot_bringup/share/ament_index/resource_index/packages/rmitbot_bringup
[1.084s] -- Installing: /home/v120506/rmitbot_v3/lesson3_ws/install/rmitbot_bringup/share/rmitbot_bringup/cmake/rmitbot_bringupConfig.cmake
[1.084s] -- Installing: /home/v120506/rmitbot_v3/lesson3_ws/install/rmitbot_bringup/share/rmitbot_bringup/cmake/rmitbot_bringupConfig-version.cmake
[1.085s] -- Installing: /home/v120506/rmitbot_v3/lesson3_ws/install/rmitbot_bringup/share/rmitbot_bringup/package.xml
[1.088s] Invoked command in '/home/v120506/rmitbot_v3/lesson3_ws/build/rmitbot_bringup' returned '0': CMAKE_PREFIX_PATH=${CMAKE_PREFIX_PATH}:/opt/ros/jazzy DEBUGINFOD_URLS=https://debuginfod.ubuntu.com /usr/bin/cmake --install /home/v120506/rmitbot_v3/lesson3_ws/build/rmitbot_bringup
